# Check configuration tokens
# Ensure build layout
# Check configuration tokens
# Preparing build
# Check requirements for android
# Search for Git (git)
#  -> found at /usr/bin/git
# Search for Cython (cython)
#  -> found at /opt/hostedtoolcache/Python/3.10.17/x64/bin/cython
# Search for Java compiler (javac)
#  -> found at /usr/lib/jvm/temurin-17-jdk-amd64/bin/javac
# Search for Java keytool (keytool)
#  -> found at /usr/lib/jvm/temurin-17-jdk-amd64/bin/keytool
# Install platform
# Run ['git', 'config', '--get', 'remote.origin.url']
# Cwd /home/runner/work/weatherapp/weatherapp/.buildozer/android/platform/python-for-android
https://github.com/kivy/python-for-android.git
# Run ['git', 'branch', '-vv']
# Cwd /home/runner/work/weatherapp/weatherapp/.buildozer/android/platform/python-for-android
  develop be3de2e2 [origin/develop] Merge pull request #3135 from T-Dynamos/sdl2_image_fix
* master  957a3e5f [origin/master] Merge pull request #2959 from kivy/release-2024.01.21
# Detected old url/branch (https://github.com/kivy/python-for-android.git/be3de2e2), deleting...
# Run ['git', 'clone', '-b', 'master', '--single-branch', 'https://github.com/kivy/python-for-android.git', 'python-for-android']
# Cwd /home/runner/work/weatherapp/weatherapp/.buildozer/android/platform
Cloning into 'python-for-android'...
# Run ['/opt/hostedtoolcache/Python/3.10.17/x64/bin/python', '-m', 'pip', 'install', '-q', '--user', 'appdirs', 'colorama>=0.3.3', 'jinja2', 'sh>=1.10, <2.0; sys_platform!="win32"', 'build', 'toml', 'packaging', 'setuptools']
# Cwd None
# Android ANT is missing, downloading
# Downloading https://archive.apache.org/dist/ant/binaries/apache-ant-1.9.4-bin.tar.gz
# Run ['tar', 'xzf', 'apache-ant-1.9.4-bin.tar.gz']
# Cwd /home/runner/.buildozer/android/platform/apache-ant-1.9.4
# Apache ANT installation done.
# Android SDK found at /usr/local/lib/android/sdk
# Android NDK found at /home/runner/.buildozer/android/platform/android-ndk-r27c
# Recommended android's NDK version by p4a is: 25b
# Installing/updating SDK platform tools if necessary
# Check configuration tokens
# sdkmanager path "/usr/local/lib/android/sdk/tools/bin/sdkmanager" does not exist, sdkmanager is notinstalled
